[    0.000000] Linux version 4.15.0-197-generic (buildd@lcy02-amd64-110) (gcc version 7.5.0 (Ubuntu 7.5.0-3ubuntu1~18.04)) #208-Ubuntu SMP Tue Nov 1 17:23:37 UTC 2022 (Ubuntu 4.15.0-197.208-generic 4.15.18)
[    0.000000] Command line: BOOT_IMAGE=/boot/vmlinuz-4.15.0-197-generic root=LABEL=cloudimg-rootfs ro console=tty1 console=ttyS0
[    0.000000] KERNEL supported cpus:
[    0.000000]   Intel GenuineIntel
[    0.000000]   AMD AuthenticAMD
[    0.000000]   Centaur CentaurHauls
[    0.000000] [Firmware Bug]: TSC doesn't count with P0 frequency!
[    0.000000] x86/fpu: Supporting XSAVE feature 0x001: 'x87 floating point registers'
[    0.000000] x86/fpu: Supporting XSAVE feature 0x002: 'SSE registers'
[    0.000000] x86/fpu: Supporting XSAVE feature 0x004: 'AVX registers'
[    0.000000] x86/fpu: xstate_offset[2]:  576, xstate_sizes[2]:  256
[    0.000000] x86/fpu: Enabled xstate features 0x7, context size is 832 bytes, using 'standard' format.
[    0.000000] e820: BIOS-provided physical RAM map:
[    0.000000] BIOS-e820: [mem 0x0000000000000000-0x000000000009fbff] usable
[    0.000000] BIOS-e820: [mem 0x000000000009fc00-0x000000000009ffff] reserved
[    0.000000] BIOS-e820: [mem 0x00000000000f0000-0x00000000000fffff] reserved
[    0.000000] BIOS-e820: [mem 0x0000000000100000-0x000000003ffeffff] usable
[    0.000000] BIOS-e820: [mem 0x000000003fff0000-0x000000003fffffff] ACPI data
[    0.000000] BIOS-e820: [mem 0x00000000fec00000-0x00000000fec00fff] reserved
[    0.000000] BIOS-e820: [mem 0x00000000fee00000-0x00000000fee00fff] reserved
[    0.000000] BIOS-e820: [mem 0x00000000fffc0000-0x00000000ffffffff] reserved
[    0.000000] NX (Execute Disable) protection: active
[    0.000000] SMBIOS 2.5 present.
[    0.000000] DMI: innotek GmbH VirtualBox/VirtualBox, BIOS VirtualBox 12/01/2006
[    0.000000] Hypervisor detected: KVM
[    0.000000] e820: last_pfn = 0x3fff0 max_arch_pfn = 0x400000000
[    0.000000] MTRR: Disabled
[    0.000000] x86/PAT: MTRRs disabled, skipping PAT initialization too.
[    0.000000] CPU MTRRs all blank - virtualized system.
[    0.000000] x86/PAT: Configuration [0-7]: WB  WT  UC- UC  WB  WT  UC- UC  
[    0.000000] found SMP MP-table at [mem 0x0009fff0-0x0009ffff]
[    0.000000] Scanning 1 areas for low memory corruption
[    0.000000] RAMDISK: [mem 0x359c7000-0x36cdafff]
[    0.000000] ACPI: Early table checksum verification disabled
[    0.000000] ACPI: RSDP 0x00000000000E0000 000024 (v02 VBOX  )
[    0.000000] ACPI: XSDT 0x000000003FFF0030 00003C (v01 VBOX   VBOXXSDT 00000001 ASL  00000061)
[    0.000000] ACPI: FACP 0x000000003FFF00F0 0000F4 (v04 VBOX   VBOXFACP 00000001 ASL  00000061)
[    0.000000] ACPI: DSDT 0x000000003FFF0610 002353 (v02 VBOX   VBOXBIOS 00000002 INTL 20100528)
[    0.000000] ACPI: FACS 0x000000003FFF0200 000040
[    0.000000] ACPI: FACS 0x000000003FFF0200 000040
[    0.000000] ACPI: APIC 0x000000003FFF0240 00005C (v02 VBOX   VBOXAPIC 00000001 ASL  00000061)
[    0.000000] ACPI: SSDT 0x000000003FFF02A0 00036C (v01 VBOX   VBOXCPUT 00000002 INTL 20100528)
[    0.000000] ACPI: Reserving FACP table memory at [mem 0x3fff00f0-0x3fff01e3]
[    0.000000] ACPI: Reserving DSDT table memory at [mem 0x3fff0610-0x3fff2962]
[    0.000000] ACPI: Reserving FACS table memory at [mem 0x3fff0200-0x3fff023f]
[    0.000000] ACPI: Reserving FACS table memory at [mem 0x3fff0200-0x3fff023f]
[    0.000000] ACPI: Reserving APIC table memory at [mem 0x3fff0240-0x3fff029b]
[    0.000000] ACPI: Reserving SSDT table memory at [mem 0x3fff02a0-0x3fff060b]
[    0.000000] No NUMA configuration found
[    0.000000] Faking a node at [mem 0x0000000000000000-0x000000003ffeffff]
[    0.000000] NODE_DATA(0) allocated [mem 0x3ffc5000-0x3ffeffff]
[    0.000000] kvm-clock: cpu 0, msr 0:3ff44001, primary cpu clock
[    0.000000] kvm-clock: Using msrs 4b564d01 and 4b564d00
[    0.000000] kvm-clock: using sched offset of 3093578778 cycles
[    0.000000] clocksource: kvm-clock: mask: 0xffffffffffffffff max_cycles: 0x1cd42e4dffb, max_idle_ns: 881590591483 ns
[    0.000000] Zone ranges:
[    0.000000]   DMA      [mem 0x0000000000001000-0x0000000000ffffff]
[    0.000000]   DMA32    [mem 0x0000000001000000-0x000000003ffeffff]
[    0.000000]   Normal   empty
[    0.000000]   Device   empty
[    0.000000] Movable zone start for each node
[    0.000000] Early memory node ranges
[    0.000000]   node   0: [mem 0x0000000000001000-0x000000000009efff]
[    0.000000]   node   0: [mem 0x0000000000100000-0x000000003ffeffff]
[    0.000000] Reserved but unavailable: 104 pages
[    0.000000] Initmem setup node 0 [mem 0x0000000000001000-0x000000003ffeffff]
[    0.000000] ACPI: PM-Timer IO Port: 0x4008
[    0.000000] IOAPIC[0]: apic_id 2, version 32, address 0xfec00000, GSI 0-23
[    0.000000] ACPI: INT_SRC_OVR (bus 0 bus_irq 0 global_irq 2 dfl dfl)
[    0.000000] ACPI: INT_SRC_OVR (bus 0 bus_irq 9 global_irq 9 low level)
[    0.000000] Using ACPI (MADT) for SMP configuration information
[    0.000000] smpboot: Allowing 2 CPUs, 0 hotplug CPUs
[    0.000000] PM: Registered nosave memory: [mem 0x00000000-0x00000fff]
[    0.000000] PM: Registered nosave memory: [mem 0x0009f000-0x0009ffff]
[    0.000000] PM: Registered nosave memory: [mem 0x000a0000-0x000effff]
[    0.000000] PM: Registered nosave memory: [mem 0x000f0000-0x000fffff]
[    0.000000] e820: [mem 0x40000000-0xfebfffff] available for PCI devices
[    0.000000] Booting paravirtualized kernel on KVM
[    0.000000] clocksource: refined-jiffies: mask: 0xffffffff max_cycles: 0xffffffff, max_idle_ns: 7645519600211568 ns
[    0.000000] setup_percpu: NR_CPUS:8192 nr_cpumask_bits:2 nr_cpu_ids:2 nr_node_ids:1
[    0.000000] percpu: Embedded 50 pages/cpu s167936 r8192 d28672 u1048576
[    0.000000] PV qspinlock hash table entries: 256 (order: 0, 4096 bytes)
[    0.000000] Built 1 zonelists, mobility grouping on.  Total pages: 257913
[    0.000000] Policy zone: DMA32
[    0.000000] Kernel command line: BOOT_IMAGE=/boot/vmlinuz-4.15.0-197-generic root=LABEL=cloudimg-rootfs ro console=tty1 console=ttyS0
[    0.000000] Memory: 982644K/1048120K available (12300K kernel code, 2477K rwdata, 4320K rodata, 2472K init, 2720K bss, 65476K reserved, 0K cma-reserved)
[    0.000000] SLUB: HWalign=64, Order=0-3, MinObjects=0, CPUs=2, Nodes=1
[    0.000000] ftrace: allocating 39478 entries in 155 pages
[    0.004000] Hierarchical RCU implementation.
[    0.004000] 	RCU restricting CPUs from NR_CPUS=8192 to nr_cpu_ids=2.
[    0.004000] 	Tasks RCU enabled.
[    0.004000] RCU: Adjusting geometry for rcu_fanout_leaf=16, nr_cpu_ids=2
[    0.004000] NR_IRQS: 524544, nr_irqs: 440, preallocated irqs: 16
[    0.004000] random: crng init done
[    0.004000] Console: colour VGA+ 80x25
[    0.004000] console [tty1] enabled
[    0.004000] console [ttyS0] enabled
[    0.004000] ACPI: Core revision 20170831
[    0.004000] ACPI: 2 ACPI AML tables successfully acquired and loaded
[    0.004000] APIC: Switch to symmetric I/O mode setup
[    0.004000] x2apic enabled
[    0.004000] Switched APIC routing to physical x2apic.
[    0.004000] ..TIMER: vector=0x30 apic1=0 pin1=2 apic2=-1 pin2=-1
[    0.004000] tsc: Detected 1796.625 MHz processor
[    0.004000] Calibrating delay loop (skipped) preset value.. 3593.25 BogoMIPS (lpj=7186500)
[    0.004000] pid_max: default: 32768 minimum: 301
[    0.004000] Security Framework initialized
[    0.004000] Yama: becoming mindful.
[    0.004000] AppArmor: AppArmor initialized
[    0.004000] Dentry cache hash table entries: 131072 (order: 8, 1048576 bytes)
[    0.004047] Inode-cache hash table entries: 65536 (order: 7, 524288 bytes)
[    0.005876] Mount-cache hash table entries: 2048 (order: 2, 16384 bytes)
[    0.007063] Mountpoint-cache hash table entries: 2048 (order: 2, 16384 bytes)
[    0.008196] Last level iTLB entries: 4KB 1024, 2MB 1024, 4MB 512
[    0.009029] Last level dTLB entries: 4KB 2048, 2MB 2048, 4MB 1024, 1GB 0
[    0.009831] Spectre V1 : Mitigation: usercopy/swapgs barriers and __user pointer sanitization
[    0.010816] Spectre V2 : Mitigation: Retpolines
[    0.012003] Spectre V2 : Spectre v2 / SpectreRSB mitigation: Filling RSB on context switch
[    0.013221] Freeing SMP alternatives memory: 36K
[    0.123480] smpboot: CPU0: AMD Ryzen 7 5700U with Radeon Graphics (family: 0x17, model: 0x68, stepping: 0x1)
[    0.124000] Performance Events: PMU not available due to virtualization, using software events only.
[    0.124000] Hierarchical SRCU implementation.
[    0.124000] NMI watchdog: Perf event create on CPU 0 failed with -2
[    0.124000] NMI watchdog: Perf NMI watchdog permanently disabled
[    0.124041] smp: Bringing up secondary CPUs ...
[    0.124859] x86: Booting SMP configuration:
[    0.125537] .... node  #0, CPUs:      #1
[    0.004000] kvm-clock: cpu 1, msr 0:3ff44041, secondary cpu clock
[    0.128019] smp: Brought up 1 node, 2 CPUs
[    0.128841] smpboot: Max logical packages: 1
[    0.129528] smpboot: Total of 2 processors activated (7186.50 BogoMIPS)
[    0.132124] devtmpfs: initialized
[    0.132124] x86/mm: Memory block size: 128MB
[    0.133045] evm: security.selinux
[    0.133698] evm: security.SMACK64
[    0.134168] evm: security.SMACK64EXEC
[    0.134703] evm: security.SMACK64TRANSMUTE
[    0.135310] evm: security.SMACK64MMAP
[    0.136002] evm: security.apparmor
[    0.136422] evm: security.ima
[    0.136784] evm: security.capability
[    0.137256] clocksource: jiffies: mask: 0xffffffff max_cycles: 0xffffffff, max_idle_ns: 7645041785100000 ns
[    0.137540] futex hash table entries: 512 (order: 3, 32768 bytes)
[    0.140110] pinctrl core: initialized pinctrl subsystem
[    0.140863] RTC time: 16:35:34, date: 01/29/23
[    0.141618] NET: Registered protocol family 16
[    0.142291] audit: initializing netlink subsys (disabled)
[    0.144033] audit: type=2000 audit(1675010139.395:1): state=initialized audit_enabled=0 res=1
[    0.144124] cpuidle: using governor ladder
[    0.144553] cpuidle: using governor menu
[    0.144695] ACPI: bus type PCI registered
[    0.148007] acpiphp: ACPI Hot Plug PCI Controller Driver version: 0.5
[    0.148936] PCI: Using configuration type 1 for base access
[    0.149671] PCI: Using configuration type 1 for extended access
[    0.150440] HugeTLB registered 2.00 MiB page size, pre-allocated 0 pages
[    0.152051] ACPI: Added _OSI(Module Device)
[    0.152870] ACPI: Added _OSI(Processor Device)
[    0.153553] ACPI: Added _OSI(3.0 _SCP Extensions)
[    0.154187] ACPI: Added _OSI(Processor Aggregator Device)
[    0.156017] ACPI: Added _OSI(Linux-Dell-Video)
[    0.156757] ACPI: Added _OSI(Linux-Lenovo-NV-HDMI-Audio)
[    0.157465] ACPI: Added _OSI(Linux-HPI-Hybrid-Graphics)
[    0.158308] ACPI: Executed 1 blocks of module-level executable AML code
[    0.161847] ACPI: Interpreter enabled
[    0.162488] ACPI: (supports S0 S5)
[    0.162945] ACPI: Using IOAPIC for interrupt routing
[    0.163787] PCI: Using host bridge windows from ACPI; if necessary, use "pci=nocrs" and report a bug
[    0.164104] ACPI: Enabled 2 GPEs in block 00 to 07
[    0.169118] ACPI: PCI Root Bridge [PCI0] (domain 0000 [bus 00-ff])
[    0.170180] acpi PNP0A03:00: _OSC: OS supports [ExtendedConfig ASPM ClockPM Segments MSI]
[    0.172300] acpi PNP0A03:00: _OSC: platform does not support [PCIeCapability]
[    0.173503] acpi PNP0A03:00: _OSC: not requesting control; platform does not support [PCIeCapability]
[    0.174705] acpi PNP0A03:00: _OSC: OS requested [PCIeHotplug PME AER PCIeCapability]
[    0.175773] acpi PNP0A03:00: _OSC: platform willing to grant [PCIeHotplug PME AER]
[    0.176003] acpi PNP0A03:00: _OSC failed (AE_SUPPORT); disabling ASPM
[    0.177098] PCI host bridge to bus 0000:00
[    0.177649] pci_bus 0000:00: root bus resource [io  0x0000-0x0cf7 window]
[    0.178541] pci_bus 0000:00: root bus resource [io  0x0d00-0xffff window]
[    0.180002] pci_bus 0000:00: root bus resource [mem 0x000a0000-0x000bffff window]
[    0.181003] pci_bus 0000:00: root bus resource [mem 0x40000000-0xfdffffff window]
[    0.181969] pci_bus 0000:00: root bus resource [bus 00-ff]
[    0.184728] pci 0000:00:01.1: legacy IDE quirk: reg 0x10: [io  0x01f0-0x01f7]
[    0.185667] pci 0000:00:01.1: legacy IDE quirk: reg 0x14: [io  0x03f6]
[    0.186658] pci 0000:00:01.1: legacy IDE quirk: reg 0x18: [io  0x0170-0x0177]
[    0.187575] pci 0000:00:01.1: legacy IDE quirk: reg 0x1c: [io  0x0376]
[    0.201095] pci 0000:00:07.0: quirk: [io  0x4000-0x403f] claimed by PIIX4 ACPI
[    0.202167] pci 0000:00:07.0: quirk: [io  0x4100-0x410f] claimed by PIIX4 SMB
[    0.208413] ACPI: PCI Interrupt Link [LNKA] (IRQs 5 9 10 *11)
[    0.209489] ACPI: PCI Interrupt Link [LNKB] (IRQs 5 9 *10 11)
[    0.210235] ACPI: PCI Interrupt Link [LNKC] (IRQs 5 *9 10 11)
[    0.210954] ACPI: PCI Interrupt Link [LNKD] (IRQs 5 9 10 *11)
[    0.212214] SCSI subsystem initialized
[    0.212709] pci 0000:00:02.0: vgaarb: setting as boot VGA device
[    0.212709] pci 0000:00:02.0: vgaarb: VGA device added: decodes=io+mem,owns=io+mem,locks=none
[    0.212709] pci 0000:00:02.0: vgaarb: bridge control possible
[    0.212709] vgaarb: loaded
[    0.213050] ACPI: bus type USB registered
[    0.213560] usbcore: registered new interface driver usbfs
[    0.214345] usbcore: registered new interface driver hub
[    0.214943] usbcore: registered new device driver usb
[    0.216024] EDAC MC: Ver: 3.0.0
[    0.216530] PCI: Using ACPI for IRQ routing
[    0.216736] NetLabel: Initializing
[    0.217277] NetLabel:  domain hash size = 128
[    0.217888] NetLabel:  protocols = UNLABELED CIPSOv4 CALIPSO
[    0.218580] NetLabel:  unlabeled traffic allowed by default
[    0.220053] clocksource: Switched to clocksource kvm-clock
[    0.227472] VFS: Disk quotas dquot_6.6.0
[    0.228142] VFS: Dquot-cache hash table entries: 512 (order 0, 4096 bytes)
[    0.229141] AppArmor: AppArmor Filesystem Enabled
[    0.229792] pnp: PnP ACPI init
[    0.230846] pnp: PnP ACPI: found 3 devices
[    0.239869] clocksource: acpi_pm: mask: 0xffffff max_cycles: 0xffffff, max_idle_ns: 2085701024 ns
[    0.241079] NET: Registered protocol family 2
[    0.241679] IP idents hash table entries: 16384 (order: 5, 131072 bytes)
[    0.242551] TCP established hash table entries: 8192 (order: 4, 65536 bytes)
[    0.243393] TCP bind hash table entries: 8192 (order: 5, 131072 bytes)
[    0.244152] TCP: Hash tables configured (established 8192 bind 8192)
[    0.244917] UDP hash table entries: 512 (order: 2, 16384 bytes)
[    0.245583] UDP-Lite hash table entries: 512 (order: 2, 16384 bytes)
[    0.246293] NET: Registered protocol family 1
[    0.246802] pci 0000:00:00.0: Limiting direct PCI/PCI transfers
[    0.247468] pci 0000:00:01.0: Activating ISA DMA hang workarounds
[    0.248239] pci 0000:00:02.0: Video device with shadowed ROM at [mem 0x000c0000-0x000dffff]
[    0.249243] Unpacking initramfs...
[    0.441191] Freeing initrd memory: 19536K
[    0.442230] clocksource: tsc: mask: 0xffffffffffffffff max_cycles: 0x19e5b5450ab, max_idle_ns: 440795235573 ns
[    0.444054] platform rtc_cmos: registered platform RTC device (no PNP device found)
[    0.445491] Scanning for low memory corruption every 60 seconds
[    0.446558] Initialise system trusted keyrings
[    0.447128] Key type blacklist registered
[    0.447664] workingset: timestamp_bits=36 max_order=18 bucket_order=0
[    0.449009] zbud: loaded
[    0.449696] squashfs: version 4.0 (2009/01/31) Phillip Lougher
[    0.450544] fuse init (API version 7.26)
[    0.454203] Key type asymmetric registered
[    0.454804] Asymmetric key parser 'x509' registered
[    0.455464] Block layer SCSI generic (bsg) driver version 0.4 loaded (major 246)
[    0.456448] io scheduler noop registered
[    0.457233] io scheduler deadline registered
[    0.457823] io scheduler cfq registered (default)
[    0.458662] ACPI: AC Adapter [AC] (on-line)
[    0.459181] input: Power Button as /devices/LNXSYSTM:00/LNXPWRBN:00/input/input0
[    0.460070] ACPI: Power Button [PWRF]
[    0.460539] input: Sleep Button as /devices/LNXSYSTM:00/LNXSLPBN:00/input/input1
[    0.461452] ACPI: Sleep Button [SLPF]
[    0.462101] Serial: 8250/16550 driver, 32 ports, IRQ sharing enabled
[    0.462675] ACPI: Battery Slot [BAT0] (battery present)
[    0.484115] 00:02: ttyS0 at I/O 0x3f8 (irq = 4, base_baud = 115200) is a 16550A
[    0.487126] Linux agpgart interface v0.103
[    0.488745] loop: module loaded
[    0.489614] scsi host0: ata_piix
[    0.490711] scsi host1: ata_piix
[    0.491442] ata1: PATA max UDMA/33 cmd 0x1f0 ctl 0x3f6 bmdma 0xd000 irq 14
[    0.492308] ata2: PATA max UDMA/33 cmd 0x170 ctl 0x376 bmdma 0xd008 irq 15
[    0.493296] tun: Universal TUN/TAP device driver, 1.6
[    0.494131] PPP generic driver version 2.4.2
[    0.494914] ehci_hcd: USB 2.0 'Enhanced' Host Controller (EHCI) Driver
[    0.495647] ehci-pci: EHCI PCI platform driver
[    0.496215] ehci-platform: EHCI generic platform driver
[    0.496802] ohci_hcd: USB 1.1 'Open' Host Controller (OHCI) Driver
[    0.497652] ohci-pci: OHCI PCI platform driver
[    0.498174] ohci-platform: OHCI generic platform driver
[    0.498777] uhci_hcd: USB Universal Host Controller Interface driver
[    0.499539] i8042: PNP: PS/2 Controller [PNP0303:PS2K,PNP0f03:PS2M] at 0x60,0x64 irq 1,12
[    0.500837] serio: i8042 KBD port at 0x60,0x64 irq 1
[    0.501535] serio: i8042 AUX port at 0x60,0x64 irq 12
[    0.502219] mousedev: PS/2 mouse device common for all mice
[    0.503276] input: AT Translated Set 2 keyboard as /devices/platform/i8042/serio0/input/input2
[    0.504668] rtc_cmos rtc_cmos: rtc core: registered rtc_cmos as rtc0
[    0.505483] rtc_cmos rtc_cmos: alarms up to one day, 114 bytes nvram
[    0.506874] i2c /dev entries driver
[    0.507676] device-mapper: uevent: version 1.0.3
[    0.508496] device-mapper: ioctl: 4.37.0-ioctl (2017-09-20) initialised: dm-devel@redhat.com
[    0.509728] ledtrig-cpu: registered to indicate activity on CPUs
[    0.511619] NET: Registered protocol family 10
[    0.514233] Segment Routing with IPv6
[    0.515262] NET: Registered protocol family 17
[    0.516444] Key type dns_resolver registered
[    0.517128] mce: Using 0 MCE banks
[    0.517559] RAS: Correctable Errors collector initialized.
[    0.518201] sched_clock: Marking stable (517106320, 0)->(648494768, -131388448)
[    0.519290] registered taskstats version 1
[    0.519769] Loading compiled-in X.509 certificates
[    0.521828] Loaded X.509 cert 'Build time autogenerated kernel key: ffc9dd3886e7b6bb89620497cc57c4262b59bc54'
[    0.523399] Loaded X.509 cert 'Canonical Ltd. Live Patch Signing: 14df34d1a87cf37625abec039ef2bf521249b969'
[    0.525061] Loaded X.509 cert 'Canonical Ltd. Kernel Module Signing: 88f752e560a1e0737e31163a466ad7b70a850c19'
[    0.526188] blacklist: Loading compiled-in revocation X.509 certificates
[    0.527032] Loaded X.509 cert 'Canonical Ltd. Secure Boot Signing: 61482aa2830d0ab2ad5af10b7250da9033ddcef0'
[    0.528181] zswap: loaded using pool lzo/zbud
[    0.531062] Key type big_key registered
[    0.531936] Key type trusted registered
[    0.533615] Key type encrypted registered
[    0.534161] AppArmor: AppArmor sha1 policy hashing enabled
[    0.534923] ima: No TPM chip found, activating TPM-bypass! (rc=-19)
[    0.535775] ima: Allocated hash algorithm: sha1
[    0.536429] evm: HMAC attrs: 0x1
[    0.537036]   Magic number: 7:874:591
[    0.537623] rtc_cmos rtc_cmos: setting system clock to 2023-01-29 16:35:34 UTC (1675010134)
[    0.538859] BIOS EDD facility v0.16 2004-Jun-25, 0 devices found
[    0.539624] EDD information not available.
[    0.677177] Freeing unused kernel image memory: 2472K
[    0.772489] Write protecting the kernel read-only data: 20480k
[    0.774547] Freeing unused kernel image memory: 2008K
[    0.775537] Freeing unused kernel image memory: 1824K
[    0.782765] x86/mm: Checked W+X mappings: passed, no W+X pages found.
Loading, please wait...
starting version 237
[    0.827075] Fusion MPT base driver 3.04.20
[    0.827795] Copyright (c) 1999-2008 LSI Corporation
[    0.830726] e1000: Intel(R) PRO/1000 Network Driver - version 7.3.21-k8-NAPI
[    0.831714] e1000: Copyright (c) 1999-2006 Intel Corporation.
[    0.836137] Fusion MPT SPI Host driver 3.04.20
[    0.861611] AVX2 version of gcm_enc/dec engaged.
[    0.862410] AES CTR mode by8 optimization enabled
[    1.053674] input: ImExPS/2 Generic Explorer Mouse as /devices/platform/i8042/serio1/input/input4
[    1.484764] e1000 0000:00:03.0 eth0: (PCI:33MHz:32-bit) 02:a6:12:9f:2a:1a
[    1.486058] e1000 0000:00:03.0 eth0: Intel(R) PRO/1000 Network Connection
[    1.488526] e1000 0000:00:03.0 enp0s3: renamed from eth0
[    1.489534] mptbase: ioc0: Initiating bringup
[    1.596535] ioc0: LSI53C1030 A0: Capabilities={Initiator}
[    1.838755] scsi host2: ioc0: LSI53C1030 A0, FwRev=00000000h, Ports=1, MaxQ=256, IRQ=20
[    2.012484] scsi 2:0:0:0: Direct-Access     VBOX     HARDDISK         1.0  PQ: 0 ANSI: 5
[    2.040339] scsi target2:0:0: Beginning Domain Validation
[    2.043648] scsi target2:0:0: Domain Validation skipping write tests
[    2.045418] scsi target2:0:0: Ending Domain Validation
[    2.046176] scsi target2:0:0: asynchronous
[    2.047314] scsi 2:0:1:0: Direct-Access     VBOX     HARDDISK         1.0  PQ: 0 ANSI: 5
[    2.644035] scsi target2:0:1: Beginning Domain Validation
[    2.646765] scsi target2:0:1: Domain Validation skipping write tests
[    2.647777] scsi target2:0:1: Ending Domain Validation
[    2.648648] scsi target2:0:1: asynchronous
[    2.654408] sd 2:0:0:0: Attached scsi generic sg0 type 0
[    2.655968] sd 2:0:0:0: [sda] 83886080 512-byte logical blocks: (42.9 GB/40.0 GiB)
[    2.656059] sd 2:0:1:0: [sdb] 20480 512-byte logical blocks: (10.5 MB/10.0 MiB)
[    2.658037] sd 2:0:1:0: Attached scsi generic sg1 type 0
[    2.659979] sd 2:0:1:0: [sdb] Write Protect is off
[    2.660701] sd 2:0:0:0: [sda] Write Protect is off
[    2.662114] sd 2:0:0:0: [sda] Incomplete mode parameter data
[    2.662239] sd 2:0:1:0: [sdb] Incomplete mode parameter data
[    2.662898] sd 2:0:0:0: [sda] Assuming drive cache: write through
[    2.663716] sd 2:0:1:0: [sdb] Assuming drive cache: write through
[    2.666564]  sda: sda1
[    2.667900] sd 2:0:0:0: [sda] Attached SCSI disk
[    2.668535] sd 2:0:1:0: [sdb] Attached SCSI disk
Begin: Loading essential drivers ... [    4.036200] raid6: sse2x1   gen()  8523 MB/s
[    4.084195] raid6: sse2x1   xor()  8487 MB/s
[    4.132403] raid6: sse2x2   gen() 17566 MB/s
[    4.180200] raid6: sse2x2   xor() 11103 MB/s
[    4.228434] raid6: sse2x4   gen() 18336 MB/s
[    4.276243] raid6: sse2x4   xor() 10718 MB/s
[    4.324016] raid6: avx2x1   gen() 20533 MB/s
[    4.372362] raid6: avx2x1   xor() 17046 MB/s
[    4.420201] raid6: avx2x2   gen() 30656 MB/s
[    4.468010] raid6: avx2x2   xor() 21365 MB/s
[    4.516019] raid6: avx2x4   gen() 38364 MB/s
[    4.564168] raid6: avx2x4   xor() 17620 MB/s
[    4.564844] raid6: using algorithm avx2x4 gen() 38364 MB/s
[    4.565514] raid6: .... xor() 17620 MB/s, rmw enabled
[    4.566127] raid6: using avx2x2 recovery algorithm
[    4.567587] xor: automatically using best checksumming function   avx       
[    4.569268] async_tx: api initialized (async)
done.
Begin: Running /scripts/init-premount ... done.
Begin: Mounting root file system ... Begin: Running /scripts/local-top ... done.
Begin: Running /scripts/local-premount ... [    4.605371] Btrfs loaded, crc32c=crc32c-intel
Scanning for Btrfs filesystems
done.
Warning: fsck not present, so skipping root file system
[    4.634476] EXT4-fs (sda1): mounted filesystem with ordered data mode. Opts: (null)
done.
Begin: Running /scripts/local-bottom ... done.
Begin: Running /scripts/init-bottom ... done.
[    4.751693] ip_tables: (C) 2000-2006 Netfilter Core Team
[    4.759219] systemd[1]: systemd 237 running in system mode. (+PAM +AUDIT +SELINUX +IMA +APPARMOR +SMACK +SYSVINIT +UTMP +LIBCRYPTSETUP +GCRYPT +GNUTLS +ACL +XZ +LZ4 +SECCOMP +BLKID +ELFUTILS +KMOD -IDN2 +IDN -PCRE2 default-hierarchy=hybrid)
[    4.762005] systemd[1]: Detected virtualization oracle.
[    4.762832] systemd[1]: Detected architecture x86-64.

Welcome to [1mUbuntu 18.04.6 LTS[0m!

[    4.767542] systemd[1]: Set hostname to <ubuntu>.
[    4.772218] systemd[1]: Initializing machine ID from random generator.
[    4.773726] systemd[1]: Installed transient /etc/machine-id file.
[    4.998268] systemd[1]: Started Forward Password Requests to Wall Directory Watch.
[[0;32m  OK  [0m] Started Forward Password Requests to Wall Directory Watch.
[    5.000342] systemd[1]: Reached target System Time Synchronized.
[[0;32m  OK  [0m] Reached target System Time Synchronized.
[    5.002578] systemd[1]: Created slice User and Session Slice.
[[0;32m  OK  [0m] Created slice User and Session Slice.
[    5.012968] systemd[1]: Created slice System Slice.
[[0;32m  OK  [0m] Created slice System Slice.
[[0;32m  OK  [0m] Listening on LVM2 poll daemon socket.
[[0;32m  OK  [0m] Listening on Device-mapper event daemon FIFOs.
[[0;32m  OK  [0m] Listening on Journal Socket.
[[0;32m  OK  [0m] Listening on /dev/initctl Compatibility Named Pipe.
[[0;32m  OK  [0m] Listening on udev Kernel Socket.
[[0;32m  OK  [0m] Reached target Slices.
[[0;32m  OK  [0m] Created slice system-serial\x2dgetty.slice.
         Mounting Huge Pages File System...
[[0;32m  OK  [0m] Listening on Journal Audit Socket.
[[0;32m  OK  [0m] Listening on fsck to fsckd communication Socket.
[[0;32m  OK  [0m] Listening on Network Service Netlink Socket.
         Starting Set the console keyboard layout...
         Starting Load Kernel Modules...
         Mounting POSIX Message Queue File System...
         Starting File System Check on Root Device...
[    5.124015] Loading iSCSI transport class v2.0-870.
[[0;32m  OK  [0m] Listening on LVM2 metadata daemon socket.
[[0;32m  OK  [0m] Reached target Swap.
[    5.129199] iscsi: registered transport (tcp)
[[0;32m  OK  [0m] Reached target User and Group Name Lookups.
         Starting Uncomplicated firewall...
[[0;32m  OK  [0m] Listening on udev Control Socket.
         Starting udev Coldplug all Devices...
         Starting Monitoring of LVM2 mirrors…ng dmeventd or progress polling...
[[0;32m  OK  [0m] Listening on Journal Socket (/dev/log).
[    5.144610] iscsi: registered transport (iser)
[[0;32m  OK  [0m] Set up automount Arbitrary Executab…rmats File System Automount Point.
[[0;32m  OK  [0m] Listening on Syslog Socket.
         Starting Journal Service...
         Starting Create list of required st…ce nodes for the current kernel...
         Mounting Kernel Debug File System...
[[0;32m  OK  [0m] Mounted Huge Pages File System.
[[0;32m  OK  [0m] Started Load Kernel Modules.
[[0;32m  OK  [0m] Mounted POSIX Message Queue File System.
[[0;32m  OK  [0m] Started File System Check on Root Device.
[[0;32m  OK  [0m] Started Uncomplicated firewall.
[[0;32m  OK  [0m] Started Journal Service.
[[0;32m  OK  [0m] Started Create list of required sta…vice nodes for the current kernel.
[[0;32m  OK  [0m] Mounted Kernel Debug File System.
[[0;32m  OK  [0m] Started File System Check Daemon to report status.
[[0;32m  OK  [0m] Started LVM2 metadata daemon.
         Starting Create Static Device Nodes in /dev...
         Starting Remount Root and Kernel File Systems...
         Starting Apply Kernel Variables...
         Mounting FUSE Control File System...
         Mounting Kernel Configuration File System...
[[0;32m  OK  [0m] Mounted FUSE Control File System.
[[0;32m  OK  [0m] Mounted Kernel Configuration File System.
[[0;32m  OK  [0m] Started udev Coldplug all Devices.
[[0;32m  OK  [0m] Started Create Static Device Nodes in /dev.
[[0;32m  OK  [0m] Started Remount Root and Kernel File Systems.
         Starting Load/Save Random Seed...
         Starting Flush Journal to Persistent Storage...
         Starting udev Kernel Device Manager...
[[0;32m  OK  [0m] Started Monitoring of LVM2 mirrors,…sing dmeventd or progress polling.
[[0;32m  OK  [0m] Started Load/Save Random Seed.
[[0;32m  OK  [0m] Started udev Kernel Device Manager.
[[0;32m  OK  [0m] Started Apply Kernel Variables.
[[0;32m  OK  [0m] Started Flush Journal to Persistent Storage.
[[0;32m  OK  [0m] Found device /dev/ttyS0.
[[0;32m  OK  [0m] Listening on Load/Save RF Kill Switch Status /dev/rfkill Watch.
         Mounting Arbitrary Executable File Formats File System...
[[0;32m  OK  [0m] Mounted Arbitrary Executable File Formats File System.
[[0;32m  OK  [0m] Started Set the console keyboard layout.
[[0;32m  OK  [0m] Started Dispatch Password Requests to Console Directory Watch.
[[0;32m  OK  [0m] Reached target Local Encrypted Volumes.
[[0;32m  OK  [0m] Reached target Local File Systems (Pre).
[[0;32m  OK  [0m] Reached target Local File Systems.
         Starting ebtables ruleset management...
         Starting Tell Plymouth To Write Out Runtime Data...
         Starting Set console font and keymap...
         Starting AppArmor initialization...
         Starting Commit a transient machine-id on disk...
         Starting Create Volatile Files and Directories...
[[0;32m  OK  [0m] Started Tell Plymouth To Write Out Runtime Data.
[[0;32m  OK  [0m] Started Create Volatile Files and Directories.
         Starting Update UTMP about System Boot/Shutdown...
[[0;32m  OK  [0m] Started Update UTMP about System Boot/Shutdown.
[[0;32m  OK  [0m] Started ebtables ruleset management.
[[0;32m  OK  [0m] Started Commit a transient machine-id on disk.
[[0;32m  OK  [0m] Started Set console font and keymap.
[[0;32m  OK  [0m] Started AppArmor initialization.
         Starting Load AppArmor profiles managed internally by snapd...
         Starting Initial cloud-init job (pre-networking)...
[[0;32m  OK  [0m] Started Load AppArmor profiles managed internally by snapd.
[    8.382025] cloud-init[877]: Cloud-init v. 22.3.4-0ubuntu1~18.04.1 running 'init-local' at Sun, 29 Jan 2023 16:35:42 +0000. Up 8.11 seconds.
[[0;32m  OK  [0m] Started Initial cloud-init job (pre-networking).
[[0;32m  OK  [0m] Reached target Network (Pre).
         Starting Network Service...
[[0;32m  OK  [0m] Started Network Service.
         Starting Network Name Resolution...
         Starting Wait for Network to be Configured...
[[0;32m  OK  [0m] Started Network Name Resolution.
[[0;32m  OK  [0m] Reached target Network.
[[0;32m  OK  [0m] Reached target Host and Network Name Lookups.
[[0;32m  OK  [0m] Started Wait for Network to be Configured.
         Starting Initial cloud-init job (metadata service crawler)...
[   10.471954] cloud-init[1012]: Cloud-init v. 22.3.4-0ubuntu1~18.04.1 running 'init' at Sun, 29 Jan 2023 16:35:44 +0000. Up 10.33 seconds.
[   10.473222] cloud-init[1012]: ci-info: ++++++++++++++++++++++++++++++++++++++Net device info++++++++++++++++++++++++++++++++++++++
[   10.474189] cloud-init[1012]: ci-info: +--------+------+----------------------------+---------------+--------+-------------------+
[   10.475103] cloud-init[1012]: ci-info: | Device |  Up  |          Address           |      Mask     | Scope  |     Hw-Address    |
[   10.475906] cloud-init[1012]: ci-info: +--------+------+----------------------------+---------------+--------+-------------------+
[   10.489098] cloud-init[1012]: ci-info: | enp0s3 | True |         10.0.2.15          | 255.255.255.0 | global | 02:a6:12:9f:2a:1a |
[   10.489953] cloud-init[1012]: ci-info: | enp0s3 | True | fe80::a6:12ff:fe9f:2a1a/64 |       .       |  link  | 02:a6:12:9f:2a:1a |
[   10.504482] cloud-init[1012]: ci-info: |   lo   | True |         127.0.0.1          |   255.0.0.0   |  host  |         .         |
[   10.505113] cloud-init[1012]: ci-info: |   lo   | True |          ::1/128           |       .       |  host  |         .         |
[   10.520217] cloud-init[1012]: ci-info: +--------+------+----------------------------+---------------+--------+-------------------+
[   10.532439] cloud-init[1012]: ci-info: ++++++++++++++++++++++++++++Route IPv4 info+++++++++++++++++++++++++++++
[   10.533225] cloud-init[1012]: ci-info: +-------+-------------+----------+-----------------+-----------+-------+
[   10.544139] cloud-init[1012]: ci-info: | Route | Destination | Gateway  |     Genmask     | Interface | Flags |
[   10.545639] cloud-init[1012]: ci-info: +-------+-------------+----------+-----------------+-----------+-------+
[   10.560302] cloud-init[1012]: ci-info: |   0   |   0.0.0.0   | 10.0.2.2 |     0.0.0.0     |   enp0s3  |   UG  |
[   10.560810] cloud-init[1012]: ci-info: |   1   |   10.0.2.0  | 0.0.0.0  |  255.255.255.0  |   enp0s3  |   U   |
[   10.572301] cloud-init[1012]: ci-info: |   2   |   10.0.2.2  | 0.0.0.0  | 255.255.255.255 |   enp0s3  |   UH  |
[   10.585390] cloud-init[1012]: ci-info: +-------+-------------+----------+-----------------+-----------+-------+
[   10.602327] cloud-init[1012]: ci-info: +++++++++++++++++++Route IPv6 info+++++++++++++++++++
[   10.603200] cloud-init[1012]: ci-info: +-------+-------------+---------+-----------+-------+
[   10.604145] cloud-init[1012]: ci-info: | Route | Destination | Gateway | Interface | Flags |
[   10.604680] cloud-init[1012]: ci-info: +-------+-------------+---------+-----------+-------+
[   10.605279] cloud-init[1012]: ci-info: |   1   |  fe80::/64  |    ::   |   enp0s3  |   U   |
[   10.605849] cloud-init[1012]: ci-info: |   3   |    local    |    ::   |   enp0s3  |   U   |
[   10.606526] cloud-init[1012]: ci-info: |   4   |   ff00::/8  |    ::   |   enp0s3  |   U   |
[   10.607518] cloud-init[1012]: ci-info: +-------+-------------+---------+-----------+-------+
[   11.451777] cloud-init[1012]: Generating public/private rsa key pair.
[   11.452896] cloud-init[1012]: Your identification has been saved in /etc/ssh/ssh_host_rsa_key.
[   11.454327] cloud-init[1012]: Your public key has been saved in /etc/ssh/ssh_host_rsa_key.pub.
[   11.454854] cloud-init[1012]: The key fingerprint is:
[   11.455205] cloud-init[1012]: SHA256:kkGb/55yuWnBdDy88+GCjI3h5EG3eSE6sYYTMglJZOc root@ubuntu-bionic
[   11.455961] cloud-init[1012]: The key's randomart image is:
[   11.457188] cloud-init[1012]: +---[RSA 2048]----+
[   11.457601] cloud-init[1012]: | o+.. .          |
[   11.458207] cloud-init[1012]: | .oo . o         |
[   11.459094] cloud-init[1012]: |   .E.+    o     |
[   11.460069] cloud-init[1012]: |    + .+o + *    |
[   11.472747] cloud-init[1012]: |     oo+SB = +   |
[   11.473353] cloud-init[1012]: |      o.O.= + .  |
[   11.473904] cloud-init[1012]: |       * O.= + . |
[   11.474707] cloud-init[1012]: |        *.Bo. o  |
[   11.475314] cloud-init[1012]: |         +=. .   |
[   11.475871] cloud-init[1012]: +----[SHA256]-----+
[   11.488548] cloud-init[1012]: Generating public/private dsa key pair.
[   11.489906] cloud-init[1012]: Your identification has been saved in /etc/ssh/ssh_host_dsa_key.
[   11.491213] cloud-init[1012]: Your public key has been saved in /etc/ssh/ssh_host_dsa_key.pub.
[   11.492223] cloud-init[1012]: The key fingerprint is:
[   11.493212] cloud-init[1012]: SHA256:M5sVfrfFM8N4xApCCSvAjMEWhyX09E3ki0BqHFonp3U root@ubuntu-bionic
[   11.494658] cloud-init[1012]: The key's randomart image is:
[   11.495081] cloud-init[1012]: +---[DSA 1024]----+
[   11.495321] cloud-init[1012]: |o*@*+ E+...      |
[   11.504466] cloud-init[1012]: |o*OOo.+ o.    .  |
[   11.505345] cloud-init[1012]: |o+.o o + ...   o |
[   11.506258] cloud-init[1012]: |.   . o ..... =. |
[   11.506726] cloud-init[1012]: |     . .S o .o.*o|
[   11.507100] cloud-init[1012]: |         * . ..o+|
[   11.507483] cloud-init[1012]: |        o     .  |
[   11.507840] cloud-init[1012]: |                 |
[   11.508152] cloud-init[1012]: |                 |
[   11.508546] cloud-init[1012]: +----[SHA256]-----+
[   11.508926] cloud-init[1012]: Generating public/private ecdsa key pair.
[   11.509401] cloud-init[1012]: Your identification has been saved in /etc/ssh/ssh_host_ecdsa_key.
[   11.509965] cloud-init[1012]: Your public key has been saved in /etc/ssh/ssh_host_ecdsa_key.pub.
[   11.510550] cloud-init[1012]: The key fingerprint is:
[   11.510940] cloud-init[1012]: SHA256:6wqcOWps789iq0TPfsdQhlPLV3bBK1KKGDQ5FnRGc4E root@ubuntu-bionic
[   11.511529] cloud-init[1012]: The key's randomart image is:
[   11.511933] cloud-init[1012]: +---[ECDSA 256]---+
[   11.512347] cloud-init[1012]: |     o=+=.o. ... |
[   11.512728] cloud-init[1012]: |      =+Eo  + o  |
[   11.513267] cloud-init[1012]: |     . B o = . . |
[   11.514253] cloud-init[1012]: |      + * + . .  |
[   11.514713] cloud-init[1012]: |  .    +S. . .   |
[   11.515075] cloud-init[1012]: | . + o.  .       |
[   11.515428] cloud-init[1012]: | .. O  o.        |
[   11.515798] cloud-init[1012]: | .+oo+..o        |
[   11.516214] cloud-init[1012]: | oo===+o.        |
[   11.516564] cloud-init[1012]: +----[SHA256]-----+
[   11.516930] cloud-init[1012]: Generating public/private ed25519 key pair.
[   11.517360] cloud-init[1012]: Your identification has been saved in /etc/ssh/ssh_host_ed25519_key.
[   11.517936] cloud-init[1012]: Your public key has been saved in /etc/ssh/ssh_host_ed25519_key.pub.
[   11.518547] cloud-init[1012]: The key fingerprint is:
[   11.518943] cloud-init[1012]: SHA256:h9EKCRqRNNHmqpL08NvRAZkAbs5l0FIAfnlpoC/s8vM root@ubuntu-bionic
[[0;32m  OK  [0m[   11.528690] cloud-init[1012]: The key's randomart image is:
[   11.529367] cloud-init[1012]: +--[ED25519 256]--+
[   11.529612] cloud-init[1012]: |o=@O.            |
[   11.529975] cloud-init[1012]: |o.+=*.+. .       |
[   11.530395] cloud-init[1012]: | =oB Bo . .      |
[   11.530571] cloud-init[1012]: |= = + .. +       |
[   11.530772] cloud-init[1012]: | = o   .S .      |
[   11.530841] cloud-init[1012]: |.oo   . ..       |
] Started Initial cloud-init job (metadata service crawler).
[   11.531064] cloud-init[1012]: |o++  . .         |
[[0;32m  OK  [0m[   11.544668] cloud-init[1012]: |=..o. .          |
[   11.545596] cloud-init[1012]: |. .+E.           |
[   11.545721] cloud-init[1012]: +----[SHA256]-----+
] Reached target Network is Online.
[[0;32m  OK  [0m] Reached target Remote File Systems (Pre).
[[0;32m  OK  [0m] Reached target Remote File Systems.
         Starting Availability of block devices...
[[0;32m  OK  [0m] Reached target Cloud-config availability.
[[0;32m  OK  [0m] Reached target System Initialization.
[[0;32m  OK  [0m] Started ACPI Events Check.
[[0;32m  OK  [0m] Started Discard unused blocks once a week.
[[0;32m  OK  [0m] Started Message of the Day.
[[0;32m  OK  [0m] Started Daily apt download activities.
[[0;32m  OK  [0m] Started Daily apt upgrade and clean activities.
[[0;32m  OK  [0m] Listening on cloud-init hotplug hook socket.
[[0;32m  OK  [0m] Listening on ACPID Listen Socket.
[[0;32m  OK  [0m] Started Ubuntu Advantage Timer for running repeated jobs.
[[0;32m  OK  [0m] Listening on Open-iSCSI iscsid Socket.
         Starting LXD - unix socket.
         Starting Socket activation for snappy daemon.
[[0;32m  OK  [0m] Listening on UUID daemon activation socket.
[[0;32m  OK  [0m] Started Daily Cleanup of Temporary Directories.
[[0;32m  OK  [0m] Reached target Timers.
[[0;32m  OK  [0m] Listening on D-Bus System Message Bus Socket.
[[0;32m  OK  [0m] Reached target Paths.
[[0;32m  OK  [0m] Started Availability of block devices.
[[0;32m  OK  [0m] Listening on LXD - unix socket.
[[0;32m  OK  [0m] Listening on Socket activation for snappy daemon.
[[0;32m  OK  [0m] Reached target Sockets.
[[0;32m  OK  [0m] Reached target Basic System.
         Starting System Logging Service...
         Starting Accounts Service...
         Starting LSB: automatic crash report generation...
         Starting Pollinate to seed the pseudo random number generator...
[[0;32m  OK  [0m] Reached target Login Prompts (Pre).
[[0;32m  OK  [0m] Started FUSE filesystem for LXC.
[[0;32m  OK  [0m] Started Regular background program processing daemon.
         Starting Login Service...
         Starting Permit User Sessions...
[[0;32m  OK  [0m] Started D-Bus System Message Bus.
         Starting Virtualbox guest utils...
[[0;32m  OK  [0m] Started Deferred execution scheduler.
         Starting Dispatcher daemon for systemd-networkd...
         Starting LSB: Record successful boot for GRUB...
         Starting Snap Daemon...
[[0;32m  OK  [0m] Started irqbalance daemon.
         Starting LXD - container startup/shutdown...
[[0;32m  OK  [0m] Started System Logging Service.
[[0;32m  OK  [0m] Started Permit User Sessions.
[[0;32m  OK  [0m] Started Login Service.
         Starting Authorization Manager...
[[0;32m  OK  [0m] Started Unattended Upgrades Shutdown.
         Starting Hold until boot process finishes up...
         Starting Terminate Plymouth Boot Screen...
[[0;32m  OK  [0m] Started Hold until boot process finishes up.
[[0;32m  OK  [0m] Started Serial Getty on ttyS0.
         Starting Set console scheme...
[[0;32m  OK  [0m] Started Terminate Plymouth Boot Screen.
[[0;32m  OK  [0m] Started LSB: automatic crash report generation.
[[0;32m  OK  [0m] Started Set console scheme.
[[0;32m  OK  [0m] Created slice system-getty.slice.
[[0;32m  OK  [0m] Started Getty on tty1.
[[0;32m  OK  [0m] Reached target Login Prompts.
[[0;32m  OK  [0m] Started LSB: Record successful boot for GRUB.
[[0;32m  OK  [0m] Started Authorization Manager.
[[0;32m  OK  [0m] Started Accounts Service.
[[0;32m  OK  [0m] Started Virtualbox guest utils.
[[0;32m  OK  [0m] Started LXD - container startup/shutdown.
[[0;32m  OK  [0m] Started Dispatcher daemon for systemd-networkd.
[[0;32m  OK  [0m] Started Snap Daemon.
         Starting Wait until snapd is fully seeded...
         Starting Time & Date Service...
[[0;32m  OK  [0m] Started Time & Date Service.
[[0;32m  OK  [0m] Started Wait until snapd is fully seeded.
         Starting Apply the settings specified in cloud-config...
[[0;32m  OK  [0m] Started Pollinate to seed the pseudo random number generator.
         Starting OpenBSD Secure Shell server...
[[0;32m  OK  [0m] Started OpenBSD Secure Shell server.
[[0;32m  OK  [0m] Created slice User Slice of vagrant.
         Starting User Manager for UID 1000...
[[0;32m  OK  [0m] Started Session 1 of user vagrant.
[[0;32m  OK  [0m] Started User Manager for UID 1000.
[   14.039879] cloud-init[1583]: Cloud-init v. 22.3.4-0ubuntu1~18.04.1 running 'modules:config' at Sun, 29 Jan 2023 16:35:47 +0000. Up 13.57 seconds.
[[0;32m  OK  [0m] Started Apply the settings specified in cloud-config.
[[0;32m  OK  [0m] Reached target Multi-User System.
[[0;32m  OK  [0m] Reached target Graphical Interface.
         Starting Execute cloud user/final scripts...
         Starting Update UTMP about System Runlevel Changes...
[[0;32m  OK  [0m] Started Update UTMP about System Runlevel Changes.
ci-info: no authorized SSH keys fingerprints found for user ubuntu.
<14>Jan 29 16:35:48 cloud-init: #############################################################
<14>Jan 29 16:35:48 cloud-init: -----BEGIN SSH HOST KEY FINGERPRINTS-----
<14>Jan 29 16:35:48 cloud-init: 1024 SHA256:M5sVfrfFM8N4xApCCSvAjMEWhyX09E3ki0BqHFonp3U root@ubuntu-bionic (DSA)
<14>Jan 29 16:35:48 cloud-init: 256 SHA256:6wqcOWps789iq0TPfsdQhlPLV3bBK1KKGDQ5FnRGc4E root@ubuntu-bionic (ECDSA)
<14>Jan 29 16:35:48 cloud-init: 256 SHA256:h9EKCRqRNNHmqpL08NvRAZkAbs5l0FIAfnlpoC/s8vM root@ubuntu-bionic (ED25519)
<14>Jan 29 16:35:48 cloud-init: 2048 SHA256:kkGb/55yuWnBdDy88+GCjI3h5EG3eSE6sYYTMglJZOc root@ubuntu-bionic (RSA)
<14>Jan 29 16:35:48 cloud-init: -----END SSH HOST KEY FINGERPRINTS-----
<14>Jan 29 16:35:48 cloud-init: #############################################################
-----BEGIN SSH HOST KEY KEYS-----
ecdsa-sha2-nistp256 AAAAE2VjZHNhLXNoYTItbmlzdHAyNTYAAAAIbmlzdHAyNTYAAABBBK2kf4LYnocAfTYEBKUhlfJrtCB5iHJW2Yqj8sjHax84Z1pxdjHXTTrhHpbM7EfkbxLcfk/zOgVntAs7/fwVbQQ= root@ubuntu-bionic
ssh-ed25519 AAAAC3NzaC1lZDI1NTE5AAAAIEWAtBkiTxF1miY6hYDWQZvIQQbs6keSISVI5u9m8oPE root@ubuntu-bionic
ssh-rsa AAAAB3NzaC1yc2EAAAADAQABAAABAQDPWz2SFOoAveeoVjtJ+I8UPtwVKLls4q6O921A0wYszwJEcy0vEx8fJy4bbacLwr6JF1dsNqPau2Qs3u5xDIO4iM7XA/ZAb4r+NfKYssWfVnwuuMdJ9feHSQpQbx3IO1lg+D9uIALCEBv1VivnVJxf8xs11EGoPQRooYlXyry8iKqP41YMBjCOpnixnubs/pVPAaZ4l+RllK2KClPdElllDoSWmo0EuNNLL/t2sUihWZ0pFnc/10z4yGNaOZufDRgmhqxHCpGKGtajVNx4eBtM7qaHmsO+cIpPCLjqbVkaUmRjiNjdTlD1T+4bpNVudrx499iAfDVgPIIvRzE0xGPJ root@ubuntu-bionic
-----END SSH HOST KEY KEYS-----
[   15.021246] cloud-init[1742]: Cloud-init v. 22.3.4-0ubuntu1~18.04.1 running 'modules:final' at Sun, 29 Jan 2023 16:35:48 +0000. Up 14.72 seconds.
[   15.023595] cloud-init[1742]: Cloud-init v. 22.3.4-0ubuntu1~18.04.1 finished at Sun, 29 Jan 2023 16:35:48 +0000. Datasource DataSourceNoCloud [seed=/dev/sdb][dsmode=net].  Up 15.01 seconds
[[0;32m  OK  [0m] Started Execute cloud user/final scripts.
[[0;32m  OK  [0m] Reached target Cloud-init target.

Ubuntu 18.04.6 LTS ubuntu-bionic ttyS0

ubuntu-bionic login: 